# JRE version: OpenJDK Runtime Environment (8.0_152-b02) (build 1.8.0_152-release-1024-b02)
# Java VM: OpenJDK 64-Bit Server VM (25.152-b02 mixed mode windows-amd64 compressed oops)
Heap:
 PSYoungGen      total 478720K, used 257063K [0x00000000e0000000, 0x0000000100000000, 0x0000000100000000)
  eden space 434176K, 56% used [0x00000000e0000000,0x00000000eeebf4c0,0x00000000fa800000)
  from space 44544K, 28% used [0x00000000fa800000,0x00000000fb44aa60,0x00000000fd380000)
  to   space 45056K, 0% used [0x00000000fd400000,0x00000000fd400000,0x0000000100000000)
 ParOldGen       total 194048K, used 109764K [0x00000000a0000000, 0x00000000abd80000, 0x00000000e0000000)
  object space 194048K, 56% used [0x00000000a0000000,0x00000000a6b31100,0x00000000abd80000)
 Metaspace       used 99231K, capacity 106008K, committed 106316K, reserved 1142784K
  class space    used 12291K, capacity 13576K, committed 13696K, reserved 1048576K
GC Heap History (10 events):
Event: 8039.200 GC heap before
{Heap before GC invocations=47 (full 4):
 PSYoungGen      total 477696K, used 464613K [0x00000000e0000000, 0x0000000100000000, 0x0000000100000000)
  eden space 433152K, 99% used [0x00000000e0000000,0x00000000fa61bc10,0x00000000fa700000)
  from space 44544K, 72% used [0x00000000fd480000,0x00000000ff41dbb8,0x0000000100000000)
  to   space 45568K, 0% used [0x00000000fa700000,0x00000000fa700000,0x00000000fd380000)
 ParOldGen       total 194048K, used 95232K [0x00000000a0000000, 0x00000000abd80000, 0x00000000e0000000)
  object space 194048K, 49% used [0x00000000a0000000,0x00000000a5d003f0,0x00000000abd80000)
 Metaspace       used 98888K, capacity 105486K, committed 105676K, reserved 1140736K
  class space    used 12285K, capacity 13567K, committed 13568K, reserved 1048576K
Event: 8039.257 GC heap after
Heap after GC invocations=47 (full 4):
 PSYoungGen      total 460288K, used 26827K [0x00000000e0000000, 0x00000000ffe00000, 0x0000000100000000)
  eden space 433152K, 0% used [0x00000000e0000000,0x00000000e0000000,0x00000000fa700000)
  from space 27136K, 98% used [0x00000000fa700000,0x00000000fc132d68,0x00000000fc180000)
  to   space 44032K, 0% used [0x00000000fd300000,0x00000000fd300000,0x00000000ffe00000)
 ParOldGen       total 194048K, used 95232K [0x00000000a0000000, 0x00000000abd80000, 0x00000000e0000000)
  object space 194048K, 49% used [0x00000000a0000000,0x00000000a5d003f0,0x00000000abd80000)
 Metaspace       used 98888K, capacity 105486K, committed 105676K, reserved 1140736K
  class space    used 12285K, capacity 13567K, committed 13568K, reserved 1048576K
}
Event: 8043.790 GC heap before
{Heap before GC invocations=48 (full 4):
 PSYoungGen      total 460288K, used 458996K [0x00000000e0000000, 0x00000000ffe00000, 0x0000000100000000)
  eden space 433152K, 99% used [0x00000000e0000000,0x00000000fa60a358,0x00000000fa700000)
  from space 27136K, 98% used [0x00000000fa700000,0x00000000fc132d68,0x00000000fc180000)
  to   space 44032K, 0% used [0x00000000fd300000,0x00000000fd300000,0x00000000ffe00000)
 ParOldGen       total 194048K, used 95232K [0x00000000a0000000, 0x00000000abd80000, 0x00000000e0000000)
  object space 194048K, 49% used [0x00000000a0000000,0x00000000a5d003f0,0x00000000abd80000)
 Metaspace       used 98954K, capacity 105572K, committed 105804K, reserved 1140736K
  class space    used 12286K, capacity 13570K, committed 13696K, reserved 1048576K
Event: 8043.830 GC heap after
Heap after GC invocations=48 (full 4):
 PSYoungGen      total 478208K, used 30444K [0x00000000e0000000, 0x0000000100000000, 0x0000000100000000)
  eden space 434176K, 0% used [0x00000000e0000000,0x00000000e0000000,0x00000000fa800000)
  from space 44032K, 69% used [0x00000000fd300000,0x00000000ff0bb110,0x00000000ffe00000)
  to   space 44032K, 0% used [0x00000000fa800000,0x00000000fa800000,0x00000000fd300000)
 ParOldGen       total 194048K, used 95232K [0x00000000a0000000, 0x00000000abd80000, 0x00000000e0000000)
  object space 194048K, 49% used [0x00000000a0000000,0x00000000a5d003f0,0x00000000abd80000)
 Metaspace       used 98954K, capacity 105572K, committed 105804K, reserved 1140736K
  class space    used 12286K, capacity 13570K, committed 13696K, reserved 1048576K
}
Event: 8449.128 GC heap before
{Heap before GC invocations=49 (full 4):
 PSYoungGen      total 478208K, used 464004K [0x00000000e0000000, 0x0000000100000000, 0x0000000100000000)
  eden space 434176K, 99% used [0x00000000e0000000,0x00000000fa766298,0x00000000fa800000)
  from space 44032K, 69% used [0x00000000fd300000,0x00000000ff0bb110,0x00000000ffe00000)
  to   space 44032K, 0% used [0x00000000fa800000,0x00000000fa800000,0x00000000fd300000)
 ParOldGen       total 194048K, used 95232K [0x00000000a0000000, 0x00000000abd80000, 0x00000000e0000000)
  object space 194048K, 49% used [0x00000000a0000000,0x00000000a5d003f0,0x00000000abd80000)
 Metaspace       used 99042K, capacity 105724K, committed 106060K, reserved 1142784K
  class space    used 12289K, capacity 13574K, committed 13696K, reserved 1048576K
Event: 8449.169 GC heap after
Heap after GC invocations=49 (full 4):
 PSYoungGen      total 478208K, used 26710K [0x00000000e0000000, 0x00000000ffd00000, 0x0000000100000000)
  eden space 434176K, 0% used [0x00000000e0000000,0x00000000e0000000,0x00000000fa800000)
  from space 44032K, 60% used [0x00000000fa800000,0x00000000fc215940,0x00000000fd300000)
  to   space 42496K, 0% used [0x00000000fd380000,0x00000000fd380000,0x00000000ffd00000)
 ParOldGen       total 194048K, used 95232K [0x00000000a0000000, 0x00000000abd80000, 0x00000000e0000000)
  object space 194048K, 49% used [0x00000000a0000000,0x00000000a5d003f0,0x00000000abd80000)
 Metaspace       used 99042K, capacity 105724K, committed 106060K, reserved 1142784K
  class space    used 12289K, capacity 13574K, committed 13696K, reserved 1048576K
}
Event: 8696.193 GC heap before
{Heap before GC invocations=50 (full 4):
 PSYoungGen      total 478208K, used 460886K [0x00000000e0000000, 0x00000000ffd00000, 0x0000000100000000)
  eden space 434176K, 100% used [0x00000000e0000000,0x00000000fa800000,0x00000000fa800000)
  from space 44032K, 60% used [0x00000000fa800000,0x00000000fc215940,0x00000000fd300000)
  to   space 42496K, 0% used [0x00000000fd380000,0x00000000fd380000,0x00000000ffd00000)
 ParOldGen       total 194048K, used 95232K [0x00000000a0000000, 0x00000000abd80000, 0x00000000e0000000)
  object space 194048K, 49% used [0x00000000a0000000,0x00000000a5d003f0,0x00000000abd80000)
 Metaspace       used 99127K, capacity 105810K, committed 106060K, reserved 1142784K
  class space    used 12290K, capacity 13575K, committed 13696K, reserved 1048576K
Event: 8696.287 GC heap after
Heap after GC invocations=50 (full 4):
 PSYoungGen      total 476672K, used 34978K [0x00000000e0000000, 0x0000000100000000, 0x0000000100000000)
  eden space 434176K, 0% used [0x00000000e0000000,0x00000000e0000000,0x00000000fa800000)
  from space 42496K, 82% used [0x00000000fd380000,0x00000000ff5a8b10,0x00000000ffd00000)
  to   space 44544K, 0% used [0x00000000fa800000,0x00000000fa800000,0x00000000fd380000)
 ParOldGen       total 194048K, used 95264K [0x00000000a0000000, 0x00000000abd80000, 0x00000000e0000000)
  object space 194048K, 49% used [0x00000000a0000000,0x00000000a5d083f0,0x00000000abd80000)
 Metaspace       used 99127K, capacity 105810K, committed 106060K, reserved 1142784K
  class space    used 12290K, capacity 13575K, committed 13696K, reserved 1048576K
}
Event: 10117.599 GC heap before
{Heap before GC invocations=51 (full 4):
 PSYoungGen      total 476672K, used 468952K [0x00000000e0000000, 0x0000000100000000, 0x0000000100000000)
  eden space 434176K, 99% used [0x00000000e0000000,0x00000000fa7cd890,0x00000000fa800000)
  from space 42496K, 82% used [0x00000000fd380000,0x00000000ff5a8b10,0x00000000ffd00000)
  to   space 44544K, 0% used [0x00000000fa800000,0x00000000fa800000,0x00000000fd380000)
 ParOldGen       total 194048K, used 95264K [0x00000000a0000000, 0x00000000abd80000, 0x00000000e0000000)
  object space 194048K, 49% used [0x00000000a0000000,0x00000000a5d083f0,0x00000000abd80000)
 Metaspace       used 99197K, capacity 105874K, committed 106060K, reserved 1142784K
  class space    used 12291K, capacity 13575K, committed 13696K, reserved 1048576K
Event: 10117.718 GC heap after
Heap after GC invocations=51 (full 4):
 PSYoungGen      total 478720K, used 12586K [0x00000000e0000000, 0x0000000100000000, 0x0000000100000000)
  eden space 434176K, 0% used [0x00000000e0000000,0x00000000e0000000,0x00000000fa800000)
  from space 44544K, 28% used [0x00000000fa800000,0x00000000fb44aa60,0x00000000fd380000)
  to   space 45056K, 0% used [0x00000000fd400000,0x00000000fd400000,0x0000000100000000)
 ParOldGen       total 194048K, used 109764K [0x00000000a0000000, 0x00000000abd80000, 0x00000000e0000000)
  object space 194048K, 56% used [0x00000000a0000000,0x00000000a6b31100,0x00000000abd80000)
 Metaspace       used 99197K, capacity 105874K, committed 106060K, reserved 1142784K
  class space    used 12291K, capacity 13575K, committed 13696K, reserved 1048576K
}

